<?xml version="1.0" encoding="UTF-8"?>
<testsuite name="com.example.codeRank.CodeRankApplicationTests" tests="1" skipped="0" failures="0" errors="0" timestamp="2026-05-09T13:17:40.099Z" hostname="MBP-HR9VQ13K3K" time="0.236">
  <properties/>
  <testcase name="contextLoads()" classname="com.example.codeRank.CodeRankApplicationTests" time="0.236"/>
  <system-out><![CDATA[18:47:39.268 [Test worker] INFO org.springframework.test.context.support.AnnotationConfigContextLoaderUtils -- Could not detect default configuration classes for test class [com.example.codeRank.CodeRankApplicationTests]: CodeRankApplicationTests does not declare any static, non-private, non-final, nested classes annotated with @Configuration.
18:47:39.300 [Test worker] INFO org.springframework.boot.test.context.SpringBootTestContextBootstrapper -- Found @SpringBootConfiguration com.example.codeRank.CodeRankApplication for test class com.example.codeRank.CodeRankApplicationTests

  .   ____          _            __ _ _
 /\\ / ___'_ __ _ _(_)_ __  __ _ \ \ \ \
( ( )\___ | '_ | '_| | '_ \/ _` | \ \ \ \
 \\/  ___)| |_)| | | | | || (_| |  ) ) ) )
  '  |____| .__|_| |_|_| |_\__, | / / / /
 =========|_|==============|___/=/_/_/_/

 :: Spring Boot ::      (v3.5.15-SNAPSHOT)

2026-05-09T18:47:39.410+05:30  INFO 21639 --- [codeRank] [    Test worker] c.e.codeRank.CodeRankApplicationTests    : Starting CodeRankApplicationTests using Java 17.0.18 with PID 21639 (started by srinithis in /Users/srinithis/Desktop/Personal/codeRank)
2026-05-09T18:47:39.411+05:30  INFO 21639 --- [codeRank] [    Test worker] c.e.codeRank.CodeRankApplicationTests    : No active profile set, falling back to 1 default profile: "default"
2026-05-09T18:47:39.584+05:30  INFO 21639 --- [codeRank] [    Test worker] .s.d.r.c.RepositoryConfigurationDelegate : Bootstrapping Spring Data JPA repositories in DEFAULT mode.
2026-05-09T18:47:39.589+05:30  INFO 21639 --- [codeRank] [    Test worker] .s.d.r.c.RepositoryConfigurationDelegate : Finished Spring Data repository scanning in 3 ms. Found 0 JPA repository interfaces.
2026-05-09T18:47:39.694+05:30  INFO 21639 --- [codeRank] [    Test worker] o.hibernate.jpa.internal.util.LogHelper  : HHH000204: Processing PersistenceUnitInfo [name: default]
2026-05-09T18:47:39.708+05:30  INFO 21639 --- [codeRank] [    Test worker] org.hibernate.Version                    : HHH000412: Hibernate ORM core version 6.6.50.Final
2026-05-09T18:47:39.715+05:30  INFO 21639 --- [codeRank] [    Test worker] o.h.c.internal.RegionFactoryInitiator    : HHH000026: Second-level cache disabled
2026-05-09T18:47:39.778+05:30  INFO 21639 --- [codeRank] [    Test worker] o.s.o.j.p.SpringPersistenceUnitInfo      : No LoadTimeWeaver setup: ignoring JPA class transformer
2026-05-09T18:47:39.785+05:30  INFO 21639 --- [codeRank] [    Test worker] com.zaxxer.hikari.HikariDataSource       : HikariPool-1 - Starting...
2026-05-09T18:47:39.814+05:30  INFO 21639 --- [codeRank] [    Test worker] com.zaxxer.hikari.pool.HikariPool        : HikariPool-1 - Added connection org.mariadb.jdbc.Connection@4bbc21bd
2026-05-09T18:47:39.815+05:30  INFO 21639 --- [codeRank] [    Test worker] com.zaxxer.hikari.HikariDataSource       : HikariPool-1 - Start completed.
2026-05-09T18:47:39.833+05:30  INFO 21639 --- [codeRank] [    Test worker] org.hibernate.orm.connections.pooling    : HHH10001005: Database info:
	Database JDBC URL [Connecting through datasource 'HikariDataSource (HikariPool-1)']
	Database driver: undefined/unknown
	Database version: 12.1.2
	Autocommit mode: undefined/unknown
	Isolation level: undefined/unknown
	Minimum pool size: undefined/unknown
	Maximum pool size: undefined/unknown
2026-05-09T18:47:39.907+05:30  INFO 21639 --- [codeRank] [    Test worker] o.h.e.t.j.p.i.JtaPlatformInitiator       : HHH000489: No JTA platform available (set 'hibernate.transaction.jta.platform' to enable JTA platform integration)
2026-05-09T18:47:39.908+05:30  INFO 21639 --- [codeRank] [    Test worker] j.LocalContainerEntityManagerFactoryBean : Initialized JPA EntityManagerFactory for persistence unit 'default'
2026-05-09T18:47:40.054+05:30  WARN 21639 --- [codeRank] [    Test worker] .s.s.UserDetailsServiceAutoConfiguration : 

Using generated security password: fa9d0b2b-11d1-45e2-bfd7-b2ee1c316fe3

This generated password is for development use only. Your security configuration must be updated before running your application in production.

2026-05-09T18:47:40.056+05:30  INFO 21639 --- [codeRank] [    Test worker] r$InitializeUserDetailsManagerConfigurer : Global AuthenticationManager configured with UserDetailsService bean with name inMemoryUserDetailsManager
2026-05-09T18:47:40.095+05:30  INFO 21639 --- [codeRank] [    Test worker] c.e.codeRank.CodeRankApplicationTests    : Started CodeRankApplicationTests in 0.754 seconds (process running for 1.067)
]]></system-out>
  <system-err><![CDATA[]]></system-err>
</testsuite>
